Нет продаж за 01-01-09...
Нет продаж за 02-01-09...
Нет продаж за 03-01-09...
Переиндексирую продажи за 04-01-09...
Нет продаж за 05-01-09...
Нет продаж за 06-01-09...
Нет продаж за 07-01-09...
Переиндексирую продажи за 08-01-09...
Переиндексирую продажи за 09-01-09...
Нет продаж за 10-01-09...
Нет продаж за 11-01-09...
Переиндексирую продажи за 12-01-09...
Переиндексирую продажи за 13-01-09...
Переиндексирую продажи за 14-01-09...
Переиндексирую продажи за 15-01-09...
Переиндексирую продажи за 16-01-09...
Нет продаж за 17-01-09...
Нет продаж за 18-01-09...
Переиндексирую продажи за 19-01-09...
Переиндексирую продажи за 20-01-09...
Переиндексирую продажи за 21-01-09...
Переиндексирую продажи за 22-01-09...
Переиндексирую продажи за 23-01-09...
Нет продаж за 24-01-09...
Переиндексирую продажи за 25-01-09...
Переиндексирую продажи за 26-01-09...
Переиндексирую продажи за 27-01-09...
Переиндексирую продажи за 28-01-09...
Переиндексирую продажи за 29-01-09...
Переиндексирую продажи за 30-01-09...
Нет продаж за 31-01-09...
Нет продаж за 01-02-09...
Переиндексирую продажи за 02-02-09...
Переиндексирую продажи за 03-02-09...
Переиндексирую продажи за 04-02-09...
Переиндексирую продажи за 05-02-09...
Переиндексирую продажи за 06-02-09...
Переиндексирую продажи за 07-02-09...
Нет продаж за 08-02-09...
Переиндексирую продажи за 09-02-09...
Переиндексирую продажи за 10-02-09...
Переиндексирую продажи за 11-02-09...
Переиндексирую продажи за 12-02-09...
Переиндексирую продажи за 13-02-09...
Переиндексирую продажи за 14-02-09...
Нет продаж за 15-02-09...
Переиндексирую продажи за 16-02-09...
Переиндексирую продажи за 17-02-09...
Переиндексирую продажи за 18-02-09...
Переиндексирую продажи за 19-02-09...
Переиндексирую продажи за 20-02-09...
Нет продаж за 21-02-09...
Нет продаж за 22-02-09...
Нет продаж за 23-02-09...
Переиндексирую продажи за 24-02-09...
Переиндексирую продажи за 25-02-09...
Переиндексирую продажи за 26-02-09...
Переиндексирую продажи за 27-02-09...
Переиндексирую продажи за 28-02-09...
Нет продаж за 01-03-09...
Переиндексирую продажи за 02-03-09...
Переиндексирую продажи за 03-03-09...
Переиндексирую продажи за 04-03-09...
Переиндексирую продажи за 05-03-09...
Переиндексирую продажи за 06-03-09...
Нет продаж за 07-03-09...
Нет продаж за 08-03-09...
Нет продаж за 09-03-09...
Переиндексирую продажи за 10-03-09...
Переиндексирую продажи за 11-03-09...
Переиндексирую продажи за 12-03-09...
Переиндексирую продажи за 13-03-09...
Нет продаж за 14-03-09...
Нет продаж за 15-03-09...
Переиндексирую продажи за 16-03-09...
Переиндексирую продажи за 17-03-09...
Переиндексирую продажи за 18-03-09...
Переиндексирую продажи за 19-03-09...
Переиндексирую продажи за 20-03-09...
Нет продаж за 21-03-09...
Нет продаж за 22-03-09...
Переиндексирую продажи за 23-03-09...
Переиндексирую продажи за 24-03-09...
Переиндексирую продажи за 25-03-09...
Переиндексирую продажи за 26-03-09...
Переиндексирую продажи за 27-03-09...
Нет продаж за 28-03-09...
Нет продаж за 29-03-09...
Переиндексирую продажи за 30-03-09...
Переиндексирую продажи за 31-03-09...
Переиндексирую продажи за 01-04-09...
Переиндексирую продажи за 02-04-09...
Переиндексирую продажи за 03-04-09...
Нет продаж за 04-04-09...
Нет продаж за 05-04-09...
Переиндексирую продажи за 06-04-09...
Переиндексирую продажи за 07-04-09...
Переиндексирую продажи за 08-04-09...
Переиндексирую продажи за 09-04-09...
Переиндексирую продажи за 10-04-09...
Нет продаж за 11-04-09...
Нет продаж за 12-04-09...
Переиндексирую продажи за 13-04-09...
Переиндексирую продажи за 14-04-09...
Переиндексирую продажи за 15-04-09...
Переиндексирую продажи за 16-04-09...
Переиндексирую продажи за 17-04-09...
Нет продаж за 18-04-09...
Нет продаж за 19-04-09...
Переиндексирую продажи за 20-04-09...
Переиндексирую продажи за 21-04-09...
Переиндексирую продажи за 22-04-09...
Переиндексирую продажи за 23-04-09...
Переиндексирую продажи за 24-04-09...
Нет продаж за 25-04-09...
Нет продаж за 26-04-09...
Переиндексирую продажи за 27-04-09...
Переиндексирую продажи за 28-04-09...
Переиндексирую продажи за 29-04-09...
Переиндексирую продажи за 30-04-09...
Нет продаж за 01-05-09...
Нет продаж за 02-05-09...
Нет продаж за 03-05-09...
Переиндексирую продажи за 04-05-09...
Переиндексирую продажи за 05-05-09...
Переиндексирую продажи за 06-05-09...
Переиндексирую продажи за 07-05-09...
Переиндексирую продажи за 08-05-09...
Нет продаж за 09-05-09...
Нет продаж за 10-05-09...
Переиндексирую продажи за 11-05-09...
Переиндексирую продажи за 12-05-09...
Переиндексирую продажи за 13-05-09...
Переиндексирую продажи за 14-05-09...
Переиндексирую продажи за 15-05-09...
Нет продаж за 16-05-09...
Нет продаж за 17-05-09...
Переиндексирую продажи за 18-05-09...
Переиндексирую продажи за 19-05-09...
Переиндексирую продажи за 20-05-09...
Переиндексирую продажи за 21-05-09...
Переиндексирую продажи за 22-05-09...
Нет продаж за 23-05-09...
Нет продаж за 24-05-09...
Переиндексирую продажи за 25-05-09...
Переиндексирую продажи за 26-05-09...
Переиндексирую продажи за 27-05-09...
Переиндексирую продажи за 28-05-09...
Переиндексирую продажи за 29-05-09...
Нет продаж за 30-05-09...
Нет продаж за 31-05-09...
Переиндексирую продажи за 01-06-09...
Переиндексирую продажи за 02-06-09...
Переиндексирую продажи за 03-06-09...
Переиндексирую продажи за 04-06-09...
Переиндексирую продажи за 05-06-09...
Нет продаж за 06-06-09...
Нет продаж за 07-06-09...
Переиндексирую продажи за 08-06-09...
Переиндексирую продажи за 09-06-09...
Переиндексирую продажи за 10-06-09...
Переиндексирую продажи за 11-06-09...
Нет продаж за 12-06-09...
Нет продаж за 13-06-09...
Нет продаж за 14-06-09...
Переиндексирую продажи за 15-06-09...
Переиндексирую продажи за 16-06-09...
Переиндексирую продажи за 17-06-09...
Переиндексирую продажи за 18-06-09...
Переиндексирую продажи за 19-06-09...
Нет продаж за 20-06-09...
Нет продаж за 21-06-09...
Переиндексирую продажи за 22-06-09...
Переиндексирую продажи за 23-06-09...
Переиндексирую продажи за 24-06-09...
Переиндексирую продажи за 25-06-09...
Переиндексирую продажи за 26-06-09...
Нет продаж за 27-06-09...
Нет продаж за 28-06-09...
Переиндексирую продажи за 29-06-09...
Переиндексирую продажи за 30-06-09...
Переиндексирую продажи за 01-07-09...
Переиндексирую продажи за 02-07-09...
Переиндексирую продажи за 03-07-09...
Нет продаж за 04-07-09...
Нет продаж за 05-07-09...
Переиндексирую продажи за 06-07-09...
Переиндексирую продажи за 07-07-09...
Переиндексирую продажи за 08-07-09...
Переиндексирую продажи за 09-07-09...
Переиндексирую продажи за 10-07-09...
Нет продаж за 11-07-09...
Нет продаж за 12-07-09...
Переиндексирую продажи за 13-07-09...
Переиндексирую продажи за 14-07-09...
Переиндексирую продажи за 15-07-09...
Переиндексирую продажи за 16-07-09...
Переиндексирую продажи за 17-07-09...
Нет продаж за 18-07-09...
Нет продаж за 19-07-09...
Переиндексирую продажи за 20-07-09...
Переиндексирую продажи за 21-07-09...
Переиндексирую продажи за 22-07-09...
Переиндексирую продажи за 23-07-09...
Переиндексирую продажи за 24-07-09...
Нет продаж за 25-07-09...
Нет продаж за 26-07-09...
Переиндексирую продажи за 27-07-09...
Переиндексирую продажи за 28-07-09...
Переиндексирую продажи за 29-07-09...
Переиндексирую продажи за 30-07-09...
Переиндексирую продажи за 31-07-09...
Нет продаж за 01-08-09...
Нет продаж за 02-08-09...
Переиндексирую продажи за 03-08-09...
Переиндексирую продажи за 04-08-09...
Переиндексирую продажи за 05-08-09...
Переиндексирую продажи за 06-08-09...
Переиндексирую продажи за 07-08-09...
Нет продаж за 08-08-09...
Нет продаж за 09-08-09...
Переиндексирую продажи за 10-08-09...
Переиндексирую продажи за 11-08-09...
Переиндексирую продажи за 12-08-09...
Переиндексирую продажи за 13-08-09...
Переиндексирую продажи за 14-08-09...
Нет продаж за 15-08-09...
Нет продаж за 16-08-09...
Переиндексирую продажи за 17-08-09...
Переиндексирую продажи за 18-08-09...
Переиндексирую продажи за 19-08-09...
Переиндексирую продажи за 20-08-09...
Переиндексирую продажи за 21-08-09...
Нет продаж за 22-08-09...
Нет продаж за 23-08-09...
Переиндексирую продажи за 24-08-09...
Переиндексирую продажи за 25-08-09...
Переиндексирую продажи за 26-08-09...
Переиндексирую продажи за 27-08-09...
Переиндексирую продажи за 28-08-09...
Нет продаж за 29-08-09...
Нет продаж за 30-08-09...
Переиндексирую продажи за 31-08-09...
Переиндексирую продажи за 01-09-09...
Переиндексирую продажи за 02-09-09...
Переиндексирую продажи за 03-09-09...
Переиндексирую продажи за 04-09-09...
Нет продаж за 05-09-09...
Нет продаж за 06-09-09...
Переиндексирую продажи за 07-09-09...
Переиндексирую продажи за 08-09-09...
Переиндексирую продажи за 09-09-09...
Переиндексирую продажи за 10-09-09...
Переиндексирую продажи за 11-09-09...
Нет продаж за 12-09-09...
Нет продаж за 13-09-09...
Переиндексирую продажи за 14-09-09...
Переиндексирую продажи за 15-09-09...
Переиндексирую продажи за 16-09-09...
Переиндексирую продажи за 17-09-09...
Переиндексирую продажи за 18-09-09...
Нет продаж за 19-09-09...
Нет продаж за 20-09-09...
Переиндексирую продажи за 21-09-09...
Переиндексирую продажи за 22-09-09...
Переиндексирую продажи за 23-09-09...
Переиндексирую продажи за 24-09-09...
Переиндексирую продажи за 25-09-09...
Нет продаж за 26-09-09...
Нет продаж за 27-09-09...
Переиндексирую продажи за 28-09-09...
Переиндексирую продажи за 29-09-09...
Переиндексирую продажи за 30-09-09...
Переиндексирую продажи за 01-10-09...
Переиндексирую продажи за 02-10-09...
Нет продаж за 03-10-09...
Нет продаж за 04-10-09...
Переиндексирую продажи за 05-10-09...
Переиндексирую продажи за 06-10-09...
Переиндексирую продажи за 07-10-09...
Переиндексирую продажи за 08-10-09...
Переиндексирую продажи за 09-10-09...
Нет продаж за 10-10-09...
Нет продаж за 11-10-09...
Переиндексирую продажи за 12-10-09...
Переиндексирую продажи за 13-10-09...
Переиндексирую продажи за 14-10-09...
Переиндексирую продажи за 15-10-09...
Переиндексирую продажи за 16-10-09...
Нет продаж за 17-10-09...
Нет продаж за 18-10-09...
Переиндексирую продажи за 19-10-09...
Переиндексирую продажи за 20-10-09...
Переиндексирую продажи за 21-10-09...
Переиндексирую продажи за 22-10-09...
Переиндексирую продажи за 23-10-09...
Нет продаж за 24-10-09...
Нет продаж за 25-10-09...
Переиндексирую продажи за 26-10-09...
Переиндексирую продажи за 27-10-09...
Переиндексирую продажи за 28-10-09...
Переиндексирую продажи за 29-10-09...
Переиндексирую продажи за 30-10-09...
Нет продаж за 31-10-09...
Нет продаж за 01-11-09...
Переиндексирую продажи за 02-11-09...
Переиндексирую продажи за 03-11-09...
Переиндексирую продажи за 04-11-09...
Переиндексирую продажи за 05-11-09...
Переиндексирую продажи за 06-11-09...
Нет продаж за 07-11-09...
Нет продаж за 08-11-09...
Переиндексирую продажи за 09-11-09...
Переиндексирую продажи за 10-11-09...
Переиндексирую продажи за 11-11-09...
Переиндексирую продажи за 12-11-09...
Переиндексирую продажи за 13-11-09...
Нет продаж за 14-11-09...
Нет продаж за 15-11-09...
Переиндексирую продажи за 16-11-09...
Переиндексирую продажи за 17-11-09...
Переиндексирую продажи за 18-11-09...
Переиндексирую продажи за 19-11-09...
Переиндексирую продажи за 20-11-09...
Нет продаж за 21-11-09...
Нет продаж за 22-11-09...
Переиндексирую продажи за 23-11-09...
Переиндексирую продажи за 24-11-09...
Переиндексирую продажи за 25-11-09...
Переиндексирую продажи за 26-11-09...
Переиндексирую продажи за 27-11-09...
Нет продаж за 28-11-09...
Нет продаж за 29-11-09...
Переиндексирую продажи за 30-11-09...
Переиндексирую продажи за 01-12-09...
Переиндексирую продажи за 02-12-09...
Переиндексирую продажи за 03-12-09...
Переиндексирую продажи за 04-12-09...
Нет продаж за 05-12-09...
Нет продаж за 06-12-09...
Переиндексирую продажи за 07-12-09...
Переиндексирую продажи за 08-12-09...
Переиндексирую продажи за 09-12-09...
Переиндексирую продажи за 10-12-09...
Переиндексирую продажи за 11-12-09...
Нет продаж за 12-12-09...
Нет продаж за 13-12-09...
Переиндексирую продажи за 14-12-09...
Переиндексирую продажи за 15-12-09...
Переиндексирую продажи за 16-12-09...
Переиндексирую продажи за 17-12-09...
Переиндексирую продажи за 18-12-09...
Нет продаж за 19-12-09...
Переиндексирую продажи за 20-12-09...
Переиндексирую продажи за 21-12-09...
Переиндексирую продажи за 22-12-09...
Нет продаж за 23-12-09...
Нет продаж за 24-12-09...
Нет продаж за 25-12-09...
Нет продаж за 26-12-09...
Нет продаж за 27-12-09...
Нет продаж за 28-12-09...
Нет продаж за 29-12-09...
Нет продаж за 30-12-09...
Нет продаж за 31-12-09...
Нет продаж за 01-01-10...
Нет продаж за 02-01-10...
Нет продаж за 03-01-10...
Нет продаж за 04-01-10...
Оптимизирую индексы по продажам...
Создание индекса по оборотам клиентов завершено!

Уничтожаю старые индексы по оплатам клиентов...
Переиндексирую оплаты консигнации за 09-01-09...
Переиндексирую оплаты консигнации за 12-01-09...
Переиндексирую оплаты консигнации за 13-01-09...
Переиндексирую оплаты консигнации за 14-01-09...
Переиндексирую оплаты консигнации за 15-01-09...
Переиндексирую оплаты консигнации за 16-01-09...
Переиндексирую оплаты консигнации за 19-01-09...
Переиндексирую оплаты консигнации за 20-01-09...
Переиндексирую оплаты консигнации за 21-01-09...
Переиндексирую оплаты консигнации за 22-01-09...
Переиндексирую оплаты консигнации за 23-01-09...
Переиндексирую оплаты консигнации за 25-01-09...
Переиндексирую оплаты консигнации за 26-01-09...
Переиндексирую оплаты консигнации за 27-01-09...
Переиндексирую оплаты консигнации за 28-01-09...
Переиндексирую оплаты консигнации за 29-01-09...
Переиндексирую оплаты консигнации за 30-01-09...
Переиндексирую оплаты консигнации за 02-02-09...
Переиндексирую оплаты консигнации за 03-02-09...
Переиндексирую оплаты консигнации за 04-02-09...
Переиндексирую оплаты консигнации за 05-02-09...
Переиндексирую оплаты консигнации за 06-02-09...
Переиндексирую оплаты консигнации за 09-02-09...
Переиндексирую оплаты консигнации за 10-02-09...
Переиндексирую оплаты консигнации за 11-02-09...
Переиндексирую оплаты консигнации за 12-02-09...
Переиндексирую оплаты консигнации за 13-02-09...
Переиндексирую оплаты консигнации за 16-02-09...
Переиндексирую оплаты консигнации за 17-02-09...
Переиндексирую оплаты консигнации за 18-02-09...
Переиндексирую оплаты консигнации за 19-02-09...
Переиндексирую оплаты консигнации за 20-02-09...
Переиндексирую оплаты консигнации за 24-02-09...
Переиндексирую оплаты консигнации за 25-02-09...
Переиндексирую оплаты консигнации за 26-02-09...
Переиндексирую оплаты консигнации за 27-02-09...
Переиндексирую оплаты консигнации за 28-02-09...
Переиндексирую оплаты консигнации за 02-03-09...
Переиндексирую оплаты консигнации за 03-03-09...
Переиндексирую оплаты консигнации за 04-03-09...
Переиндексирую оплаты консигнации за 05-03-09...
Переиндексирую оплаты консигнации за 06-03-09...
Переиндексирую оплаты консигнации за 10-03-09...
Переиндексирую оплаты консигнации за 11-03-09...
Переиндексирую оплаты консигнации за 12-03-09...
Переиндексирую оплаты консигнации за 13-03-09...
Переиндексирую оплаты консигнации за 16-03-09...
Переиндексирую оплаты консигнации за 17-03-09...
Переиндексирую оплаты консигнации за 18-03-09...
Переиндексирую оплаты консигнации за 19-03-09...
Переиндексирую оплаты консигнации за 20-03-09...
Переиндексирую оплаты консигнации за 23-03-09...
Переиндексирую оплаты консигнации за 24-03-09...
Переиндексирую оплаты консигнации за 25-03-09...
Переиндексирую оплаты консигнации за 26-03-09...
Переиндексирую оплаты консигнации за 27-03-09...
Переиндексирую оплаты консигнации за 30-03-09...
Переиндексирую оплаты консигнации за 31-03-09...
Переиндексирую оплаты консигнации за 01-04-09...
Переиндексирую оплаты консигнации за 02-04-09...
Переиндексирую оплаты консигнации за 03-04-09...
Переиндексирую оплаты консигнации за 06-04-09...
Переиндексирую оплаты консигнации за 07-04-09...
Переиндексирую оплаты консигнации за 08-04-09...
Переиндексирую оплаты консигнации за 09-04-09...
Переиндексирую оплаты консигнации за 10-04-09...
Переиндексирую оплаты консигнации за 13-04-09...
Переиндексирую оплаты консигнации за 14-04-09...
Переиндексирую оплаты консигнации за 15-04-09...
Переиндексирую оплаты консигнации за 16-04-09...
Переиндексирую оплаты консигнации за 17-04-09...
Переиндексирую оплаты консигнации за 20-04-09...
Переиндексирую оплаты консигнации за 21-04-09...
Переиндексирую оплаты консигнации за 22-04-09...
Переиндексирую оплаты консигнации за 23-04-09...
Переиндексирую оплаты консигнации за 24-04-09...
Переиндексирую оплаты консигнации за 27-04-09...
Переиндексирую оплаты консигнации за 28-04-09...
Переиндексирую оплаты консигнации за 29-04-09...
Переиндексирую оплаты консигнации за 30-04-09...
Переиндексирую оплаты консигнации за 04-05-09...
Переиндексирую оплаты консигнации за 05-05-09...
Переиндексирую оплаты консигнации за 06-05-09...
Переиндексирую оплаты консигнации за 07-05-09...
Переиндексирую оплаты консигнации за 08-05-09...
Переиндексирую оплаты консигнации за 11-05-09...
Переиндексирую оплаты консигнации за 12-05-09...
Переиндексирую оплаты консигнации за 13-05-09...
Переиндексирую оплаты консигнации за 14-05-09...
Переиндексирую оплаты консигнации за 15-05-09...
Переиндексирую оплаты консигнации за 18-05-09...
Переиндексирую оплаты консигнации за 19-05-09...
Переиндексирую оплаты консигнации за 20-05-09...
Переиндексирую оплаты консигнации за 21-05-09...
Переиндексирую оплаты консигнации за 22-05-09...
Переиндексирую оплаты консигнации за 25-05-09...
Переиндексирую оплаты консигнации за 26-05-09...
Переиндексирую оплаты консигнации за 27-05-09...
Переиндексирую оплаты консигнации за 28-05-09...
Переиндексирую оплаты консигнации за 29-05-09...
Переиндексирую оплаты консигнации за 01-06-09...
Переиндексирую оплаты консигнации за 02-06-09...
Переиндексирую оплаты консигнации за 03-06-09...
Переиндексирую оплаты консигнации за 04-06-09...
Переиндексирую оплаты консигнации за 05-06-09...
Переиндексирую оплаты консигнации за 08-06-09...
Переиндексирую оплаты консигнации за 09-06-09...
Переиндексирую оплаты консигнации за 10-06-09...
Переиндексирую оплаты консигнации за 11-06-09...
Переиндексирую оплаты консигнации за 15-06-09...
Переиндексирую оплаты консигнации за 16-06-09...
Переиндексирую оплаты консигнации за 17-06-09...
Переиндексирую оплаты консигнации за 18-06-09...
Переиндексирую оплаты консигнации за 19-06-09...
Переиндексирую оплаты консигнации за 22-06-09...
Переиндексирую оплаты консигнации за 23-06-09...
Переиндексирую оплаты консигнации за 24-06-09...
Переиндексирую оплаты консигнации за 25-06-09...
Переиндексирую оплаты консигнации за 26-06-09...
Переиндексирую оплаты консигнации за 29-06-09...
Переиндексирую оплаты консигнации за 30-06-09...
Переиндексирую оплаты консигнации за 01-07-09...
Переиндексирую оплаты консигнации за 02-07-09...
Переиндексирую оплаты консигнации за 03-07-09...
Переиндексирую оплаты консигнации за 06-07-09...
Переиндексирую оплаты консигнации за 07-07-09...
Переиндексирую оплаты консигнации за 08-07-09...
Переиндексирую оплаты консигнации за 09-07-09...
Переиндексирую оплаты консигнации за 10-07-09...
Переиндексирую оплаты консигнации за 13-07-09...
Переиндексирую оплаты консигнации за 14-07-09...
Переиндексирую оплаты консигнации за 15-07-09...
Переиндексирую оплаты консигнации за 16-07-09...
Переиндексирую оплаты консигнации за 17-07-09...
Переиндексирую оплаты консигнации за 20-07-09...
Переиндексирую оплаты консигнации за 21-07-09...
Переиндексирую оплаты консигнации за 22-07-09...
Переиндексирую оплаты консигнации за 23-07-09...
Переиндексирую оплаты консигнации за 24-07-09...
Переиндексирую оплаты консигнации за 27-07-09...
Переиндексирую оплаты консигнации за 28-07-09...
Переиндексирую оплаты консигнации за 29-07-09...
Переиндексирую оплаты консигнации за 30-07-09...
Переиндексирую оплаты консигнации за 31-07-09...
Переиндексирую оплаты консигнации за 03-08-09...
Переиндексирую оплаты консигнации за 04-08-09...
Переиндексирую оплаты консигнации за 05-08-09...
Переиндексирую оплаты консигнации за 06-08-09...
Переиндексирую оплаты консигнации за 07-08-09...
Переиндексирую оплаты консигнации за 10-08-09...
Переиндексирую оплаты консигнации за 11-08-09...
Переиндексирую оплаты консигнации за 12-08-09...
Переиндексирую оплаты консигнации за 13-08-09...
Переиндексирую оплаты консигнации за 14-08-09...
Переиндексирую оплаты консигнации за 17-08-09...
Переиндексирую оплаты консигнации за 18-08-09...
Переиндексирую оплаты консигнации за 19-08-09...
Переиндексирую оплаты консигнации за 20-08-09...
Переиндексирую оплаты консигнации за 21-08-09...
Переиндексирую оплаты консигнации за 24-08-09...
Переиндексирую оплаты консигнации за 25-08-09...
Переиндексирую оплаты консигнации за 26-08-09...
Переиндексирую оплаты консигнации за 27-08-09...
Переиндексирую оплаты консигнации за 28-08-09...
Переиндексирую оплаты консигнации за 31-08-09...
Переиндексирую оплаты консигнации за 01-09-09...
Переиндексирую оплаты консигнации за 02-09-09...
Переиндексирую оплаты консигнации за 03-09-09...
Переиндексирую оплаты консигнации за 04-09-09...
Переиндексирую оплаты консигнации за 07-09-09...
Переиндексирую оплаты консигнации за 08-09-09...
Переиндексирую оплаты консигнации за 09-09-09...
Переиндексирую оплаты консигнации за 10-09-09...
Переиндексирую оплаты консигнации за 11-09-09...
Переиндексирую оплаты консигнации за 14-09-09...
Переиндексирую оплаты консигнации за 15-09-09...
Переиндексирую оплаты консигнации за 16-09-09...
Переиндексирую оплаты консигнации за 17-09-09...
Переиндексирую оплаты консигнации за 18-09-09...
Переиндексирую оплаты консигнации за 21-09-09...
Переиндексирую оплаты консигнации за 22-09-09...
Переиндексирую оплаты консигнации за 23-09-09...
Переиндексирую оплаты консигнации за 24-09-09...
Переиндексирую оплаты консигнации за 25-09-09...
Переиндексирую оплаты консигнации за 28-09-09...
Переиндексирую оплаты консигнации за 29-09-09...
Переиндексирую оплаты консигнации за 30-09-09...
Переиндексирую оплаты консигнации за 01-10-09...
Переиндексирую оплаты консигнации за 02-10-09...
Переиндексирую оплаты консигнации за 05-10-09...
Переиндексирую оплаты консигнации за 06-10-09...
Переиндексирую оплаты консигнации за 07-10-09...
Переиндексирую оплаты консигнации за 08-10-09...
Переиндексирую оплаты консигнации за 09-10-09...
Переиндексирую оплаты консигнации за 12-10-09...
Переиндексирую оплаты консигнации за 13-10-09...
Переиндексирую оплаты консигнации за 14-10-09...
Переиндексирую оплаты консигнации за 15-10-09...
Переиндексирую оплаты консигнации за 16-10-09...
Переиндексирую оплаты консигнации за 19-10-09...
Переиндексирую оплаты консигнации за 20-10-09...
Переиндексирую оплаты консигнации за 21-10-09...
Переиндексирую оплаты консигнации за 22-10-09...
Переиндексирую оплаты консигнации за 23-10-09...
Переиндексирую оплаты консигнации за 26-10-09...
Переиндексирую оплаты консигнации за 27-10-09...
Переиндексирую оплаты консигнации за 28-10-09...
Переиндексирую оплаты консигнации за 29-10-09...
Переиндексирую оплаты консигнации за 30-10-09...
Переиндексирую оплаты консигнации за 02-11-09...
Переиндексирую оплаты консигнации за 03-11-09...
Переиндексирую оплаты консигнации за 04-11-09...
Переиндексирую оплаты консигнации за 05-11-09...
Переиндексирую оплаты консигнации за 06-11-09...
Переиндексирую оплаты консигнации за 09-11-09...
Переиндексирую оплаты консигнации за 10-11-09...
Переиндексирую оплаты консигнации за 11-11-09...
Переиндексирую оплаты консигнации за 12-11-09...
Переиндексирую оплаты консигнации за 13-11-09...
Переиндексирую оплаты консигнации за 16-11-09...
Переиндексирую оплаты консигнации за 17-11-09...
Переиндексирую оплаты консигнации за 18-11-09...
Переиндексирую оплаты консигнации за 19-11-09...
Переиндексирую оплаты консигнации за 20-11-09...
Переиндексирую оплаты консигнации за 23-11-09...
Переиндексирую оплаты консигнации за 24-11-09...
Переиндексирую оплаты консигнации за 25-11-09...
Переиндексирую оплаты консигнации за 26-11-09...
Переиндексирую оплаты консигнации за 27-11-09...
Переиндексирую оплаты консигнации за 30-11-09...
Переиндексирую оплаты консигнации за 01-12-09...
Переиндексирую оплаты консигнации за 02-12-09...
Переиндексирую оплаты консигнации за 03-12-09...
Переиндексирую оплаты консигнации за 04-12-09...
Переиндексирую оплаты консигнации за 07-12-09...
Переиндексирую оплаты консигнации за 08-12-09...
Переиндексирую оплаты консигнации за 09-12-09...
Переиндексирую оплаты консигнации за 10-12-09...
Переиндексирую оплаты консигнации за 11-12-09...
Переиндексирую оплаты консигнации за 14-12-09...
Переиндексирую оплаты консигнации за 15-12-09...
Переиндексирую оплаты консигнации за 16-12-09...
Переиндексирую оплаты консигнации за 17-12-09...
Переиндексирую оплаты консигнации за 18-12-09...
Переиндексирую оплаты консигнации за 20-12-09...
Переиндексирую оплаты консигнации за 21-12-09...
Переиндексирую оплаты консигнации за 22-12-09...
Оптимизирую индексы по оплатам...
Создание индекса по оплатам клиентов завершено!

Уничтожаю старые индексы по возвратам клиентов...
Переиндексирую возвраты клиентов за 12-01-09...
Переиндексирую возвраты клиентов за 13-01-09...
Переиндексирую возвраты клиентов за 14-01-09...
Переиндексирую возвраты клиентов за 15-01-09...
Переиндексирую возвраты клиентов за 16-01-09...
Переиндексирую возвраты клиентов за 19-01-09...
Переиндексирую возвраты клиентов за 20-01-09...
Переиндексирую возвраты клиентов за 21-01-09...
Переиндексирую возвраты клиентов за 22-01-09...
Переиндексирую возвраты клиентов за 23-01-09...
Переиндексирую возвраты клиентов за 26-01-09...
Переиндексирую возвраты клиентов за 27-01-09...
Переиндексирую возвраты клиентов за 28-01-09...
Переиндексирую возвраты клиентов за 29-01-09...
Переиндексирую возвраты клиентов за 30-01-09...
Переиндексирую возвраты клиентов за 03-02-09...
Переиндексирую возвраты клиентов за 04-02-09...
Переиндексирую возвраты клиентов за 05-02-09...
Переиндексирую возвраты клиентов за 06-02-09...
Переиндексирую возвраты клиентов за 10-02-09...
Переиндексирую возвраты клиентов за 11-02-09...
Переиндексирую возвраты клиентов за 12-02-09...
Переиндексирую возвраты клиентов за 13-02-09...
Переиндексирую возвраты клиентов за 17-02-09...
Переиндексирую возвраты клиентов за 18-02-09...
Переиндексирую возвраты клиентов за 19-02-09...
Переиндексирую возвраты клиентов за 20-02-09...
Переиндексирую возвраты клиентов за 24-02-09...
Переиндексирую возвраты клиентов за 25-02-09...
Переиндексирую возвраты клиентов за 26-02-09...
Переиндексирую возвраты клиентов за 27-02-09...
Переиндексирую возвраты клиентов за 03-03-09...
Переиндексирую возвраты клиентов за 04-03-09...
Переиндексирую возвраты клиентов за 05-03-09...
Переиндексирую возвраты клиентов за 06-03-09...
Переиндексирую возвраты клиентов за 11-03-09...
Переиндексирую возвраты клиентов за 12-03-09...
Переиндексирую возвраты клиентов за 13-03-09...
Переиндексирую возвраты клиентов за 17-03-09...
Переиндексирую возвраты клиентов за 18-03-09...
Переиндексирую возвраты клиентов за 19-03-09...
Переиндексирую возвраты клиентов за 20-03-09...
Переиндексирую возвраты клиентов за 24-03-09...
Переиндексирую возвраты клиентов за 25-03-09...
Переиндексирую возвраты клиентов за 26-03-09...
Переиндексирую возвраты клиентов за 27-03-09...
Переиндексирую возвраты клиентов за 31-03-09...
Переиндексирую возвраты клиентов за 01-04-09...
Переиндексирую возвраты клиентов за 02-04-09...
Переиндексирую возвраты клиентов за 03-04-09...
Переиндексирую возвраты клиентов за 07-04-09...
Переиндексирую возвраты клиентов за 08-04-09...
Переиндексирую возвраты клиентов за 09-04-09...
Переиндексирую возвраты клиентов за 10-04-09...
Переиндексирую возвраты клиентов за 14-04-09...
Переиндексирую возвраты клиентов за 15-04-09...
Переиндексирую возвраты клиентов за 16-04-09...
Переиндексирую возвраты клиентов за 17-04-09...
Переиндексирую возвраты клиентов за 21-04-09...
Переиндексирую возвраты клиентов за 22-04-09...
Переиндексирую возвраты клиентов за 23-04-09...
Переиндексирую возвраты клиентов за 24-04-09...
Переиндексирую возвраты клиентов за 27-04-09...
Переиндексирую возвраты клиентов за 28-04-09...
Переиндексирую возвраты клиентов за 29-04-09...
Переиндексирую возвраты клиентов за 30-04-09...
Переиндексирую возвраты клиентов за 05-05-09...
Переиндексирую возвраты клиентов за 06-05-09...
Переиндексирую возвраты клиентов за 07-05-09...
Переиндексирую возвраты клиентов за 08-05-09...
Переиндексирую возвраты клиентов за 12-05-09...
Переиндексирую возвраты клиентов за 13-05-09...
Переиндексирую возвраты клиентов за 14-05-09...
Переиндексирую возвраты клиентов за 15-05-09...
Переиндексирую возвраты клиентов за 18-05-09...
Переиндексирую возвраты клиентов за 19-05-09...
Переиндексирую возвраты клиентов за 20-05-09...
Переиндексирую возвраты клиентов за 22-05-09...
Переиндексирую возвраты клиентов за 26-05-09...
Переиндексирую возвраты клиентов за 27-05-09...
Переиндексирую возвраты клиентов за 28-05-09...
Переиндексирую возвраты клиентов за 29-05-09...
Переиндексирую возвраты клиентов за 02-06-09...
Переиндексирую возвраты клиентов за 03-06-09...
Переиндексирую возвраты клиентов за 04-06-09...
Переиндексирую возвраты клиентов за 05-06-09...
Переиндексирую возвраты клиентов за 09-06-09...
Переиндексирую возвраты клиентов за 10-06-09...
Переиндексирую возвраты клиентов за 11-06-09...
Переиндексирую возвраты клиентов за 16-06-09...
Переиндексирую возвраты клиентов за 17-06-09...
Переиндексирую возвраты клиентов за 18-06-09...
Переиндексирую возвраты клиентов за 19-06-09...
Переиндексирую возвраты клиентов за 22-06-09...
Переиндексирую возвраты клиентов за 23-06-09...
Переиндексирую возвраты клиентов за 24-06-09...
Переиндексирую возвраты клиентов за 25-06-09...
Переиндексирую возвраты клиентов за 26-06-09...
Переиндексирую возвраты клиентов за 30-06-09...
Переиндексирую возвраты клиентов за 02-07-09...
Переиндексирую возвраты клиентов за 03-07-09...
Переиндексирую возвраты клиентов за 07-07-09...
Переиндексирую возвраты клиентов за 08-07-09...
Переиндексирую возвраты клиентов за 09-07-09...
Переиндексирую возвраты клиентов за 10-07-09...
Переиндексирую возвраты клиентов за 15-07-09...
Переиндексирую возвраты клиентов за 16-07-09...
Переиндексирую возвраты клиентов за 17-07-09...
Переиндексирую возвраты клиентов за 21-07-09...
Переиндексирую возвраты клиентов за 22-07-09...
Переиндексирую возвраты клиентов за 23-07-09...
Переиндексирую возвраты клиентов за 28-07-09...
Переиндексирую возвраты клиентов за 29-07-09...
Переиндексирую возвраты клиентов за 30-07-09...
Переиндексирую возвраты клиентов за 31-07-09...
Переиндексирую возвраты клиентов за 03-08-09...
Переиндексирую возвраты клиентов за 04-08-09...
Переиндексирую возвраты клиентов за 05-08-09...
Переиндексирую возвраты клиентов за 07-08-09...
Переиндексирую возвраты клиентов за 10-08-09...
Переиндексирую возвраты клиентов за 11-08-09...
Переиндексирую возвраты клиентов за 12-08-09...
Переиндексирую возвраты клиентов за 13-08-09...
Переиндексирую возвраты клиентов за 14-08-09...
Переиндексирую возвраты клиентов за 18-08-09...
Переиндексирую возвраты клиентов за 19-08-09...
Переиндексирую возвраты клиентов за 20-08-09...
Переиндексирую возвраты клиентов за 21-08-09...
Переиндексирую возвраты клиентов за 25-08-09...
Переиндексирую возвраты клиентов за 27-08-09...
Переиндексирую возвраты клиентов за 28-08-09...
Переиндексирую возвраты клиентов за 02-09-09...
Переиндексирую возвраты клиентов за 03-09-09...
Переиндексирую возвраты клиентов за 04-09-09...
Переиндексирую возвраты клиентов за 08-09-09...
Переиндексирую возвраты клиентов за 09-09-09...
Переиндексирую возвраты клиентов за 10-09-09...
Переиндексирую возвраты клиентов за 11-09-09...
Переиндексирую возвраты клиентов за 15-09-09...
Переиндексирую возвраты клиентов за 17-09-09...
Переиндексирую возвраты клиентов за 18-09-09...
Переиндексирую возвраты клиентов за 22-09-09...
Переиндексирую возвраты клиентов за 23-09-09...
Переиндексирую возвраты клиентов за 24-09-09...
Переиндексирую возвраты клиентов за 25-09-09...
Переиндексирую возвраты клиентов за 29-09-09...
Переиндексирую возвраты клиентов за 30-09-09...
Переиндексирую возвраты клиентов за 06-10-09...
Переиндексирую возвраты клиентов за 07-10-09...
Переиндексирую возвраты клиентов за 08-10-09...
Переиндексирую возвраты клиентов за 09-10-09...
Переиндексирую возвраты клиентов за 13-10-09...
Переиндексирую возвраты клиентов за 14-10-09...
Переиндексирую возвраты клиентов за 15-10-09...
Переиндексирую возвраты клиентов за 16-10-09...
Переиндексирую возвраты клиентов за 20-10-09...
Переиндексирую возвраты клиентов за 21-10-09...
Переиндексирую возвраты клиентов за 22-10-09...
Переиндексирую возвраты клиентов за 23-10-09...
Переиндексирую возвраты клиентов за 27-10-09...
Переиндексирую возвраты клиентов за 28-10-09...
Переиндексирую возвраты клиентов за 29-10-09...
Переиндексирую возвраты клиентов за 30-10-09...
Переиндексирую возвраты клиентов за 03-11-09...
Переиндексирую возвраты клиентов за 05-11-09...
Переиндексирую возвраты клиентов за 06-11-09...
Переиндексирую возвраты клиентов за 10-11-09...
Переиндексирую возвраты клиентов за 11-11-09...
Переиндексирую возвраты клиентов за 12-11-09...
Переиндексирую возвраты клиентов за 13-11-09...
Переиндексирую возвраты клиентов за 17-11-09...
Переиндексирую возвраты клиентов за 18-11-09...
Переиндексирую возвраты клиентов за 19-11-09...
Переиндексирую возвраты клиентов за 20-11-09...
Переиндексирую возвраты клиентов за 23-11-09...
Переиндексирую возвраты клиентов за 24-11-09...
Переиндексирую возвраты клиентов за 25-11-09...
Переиндексирую возвраты клиентов за 26-11-09...
Переиндексирую возвраты клиентов за 27-11-09...
Переиндексирую возвраты клиентов за 01-12-09...
Переиндексирую возвраты клиентов за 02-12-09...
Переиндексирую возвраты клиентов за 03-12-09...
Переиндексирую возвраты клиентов за 04-12-09...
Переиндексирую возвраты клиентов за 08-12-09...
Переиндексирую возвраты клиентов за 09-12-09...
Переиндексирую возвраты клиентов за 10-12-09...
Переиндексирую возвраты клиентов за 15-12-09...
Переиндексирую возвраты клиентов за 16-12-09...
Переиндексирую возвраты клиентов за 18-12-09...
Переиндексирую возвраты клиентов за 22-12-09...
Оптимизирую индексы по возвратам клиентов...
Создание индекса по возвратам клиентов завершено!
